ICMC USP http://www.icmc.usp.br 22/11 10:55
Fellowship of the Game http://fog.icmc.usp.br 23/11 11:55
FAPESP http://www.fapesp.br 24/11 11:56
Dominio Publico http://www.dominiopublico.gov.br 24/11 12:06

FAPESP http://www.fapesp.br 24/11 11:56
ICMC USP http://www.icmc.usp.br 22/11 10:55
Fellowship of the Game http://fog.icmc.usp.br 23/11 11:55
Dominio Publico http://www.dominiopublico.gov.br 24/11 12:06

FAPESP http://www.fapesp.br 24/11 11:56
Fellowship of the Game http://fog.icmc.usp.br 23/11 11:55
Dominio Publico http://www.dominiopublico.gov.br 24/11 12:06
ICMC USP http://www.icmc.usp.br 22/11 10:55

FAPESP http://www.fapesp.br 24/11 11:56
Fellowship of the Game http://fog.icmc.usp.br 23/11 11:55
Dominio Publico http://www.dominiopublico.gov.br 24/11 12:06
ICMC USP http://www.icmc.usp.br 22/11 10:55
PET Comp http://pet.icmc.usp.br 26/10 08:20

FAPESP http://www.fapesp.br 24/11 11:56
Fellowship of the Game http://fog.icmc.usp.br 23/11 11:55
Dominio Publico http://www.dominiopublico.gov.br 24/11 12:06
ICMC USP http://www.icmc.usp.br 22/11 10:55
PET Comp http://pet.icmc.usp.br 26/10 08:20

FAPESP http://www.fapesp.br 24/11 11:56
Fellowship of the Game http://fog.icmc.usp.br 23/11 11:55
PET Comp http://pet.icmc.usp.br 26/10 08:20
Dominio Publico http://www.dominiopublico.gov.br 24/11 12:06
ICMC USP http://www.icmc.usp.br 22/11 10:55

FAPESP http://www.fapesp.br 24/11 11:56
Fellowship of the Game http://fog.icmc.usp.br 23/11 11:55
PET Comp http://pet.icmc.usp.br 26/10 08:20
Dominio Publico http://www.dominiopublico.gov.br 24/11 12:06
ICMC USP http://www.icmc.usp.br 22/11 10:55
GRACE ICMC https://www.facebook.com/grace.icmc.usp/ 27/10 08:31

