Cadastro realizado com sucesso.
Cadastro realizado com sucesso.
Cadastro realizado com sucesso.
Cadastro realizado com sucesso.
Cadastro realizado com sucesso.
Cadastro realizado com sucesso.
Cadastro realizado com sucesso.
Alneu 65e555f853c900d7c01d35d70fb5d086
Batista 6a8253713d5cc426691d6d028c079b58
Igor 04e1423317fd81eea0b8547f8bffe442
Miriam cd957338498985e538753ea8d071e0f9
Moacir edb49b422eb96cd8b2caba340d1e58a3
Sasha e4d2f34e8d7a04ca7c9c392a84e5ee9f
Simoes 881d75746826eff247e5243a49a1c537
Autenticacao feita com sucesso.
Nome de usuario ou senha invalidos.
Nome de usuario ou senha invalidos.
Batista 6a8253713d5cc426691d6d028c079b58
Igor 04e1423317fd81eea0b8547f8bffe442
Miriam cd957338498985e538753ea8d071e0f9
Moacir edb49b422eb96cd8b2caba340d1e58a3
Sasha e4d2f34e8d7a04ca7c9c392a84e5ee9f
Simoes 881d75746826eff247e5243a49a1c537
